2024-01-24 11:17:21,859 - my_app - INFO - Hello Info!
2024-01-24 11:17:21,859 - my_app - DEBUG - Hello Debug!
2024-01-24 11:17:21,860 - my_app - WARNING - Hello Warning!
2024-01-24 11:22:25,435 -  INFO - Hello Info!
2024-01-24 11:22:25,435 -  DEBUG - Hello Debug!
2024-01-24 11:22:25,435 -  WARNING - Hello Warning!
2024-01-24T11:22:49z - INFO - Hello Info! - t.py - <module> - 13
2024-01-24T11:22:49z - DEBUG - Hello Debug! - t.py - <module> - 14
2024-01-24T11:22:49z - WARNING - Hello Warning! - t.py - <module> - 15
2024-01-24T11:23:26z - INFO - Hello Info! - t.py - main - 14
2024-01-24T11:23:26z - DEBUG - Hello Debug! - t.py - main - 15
2024-01-24T11:23:26z - WARNING - Hello Warning! - t.py - main - 16
2024-01-24T11:24:14z - INFO - Hello Info! - File:t.py - Function:main - Line:14
2024-01-24T11:24:14z - DEBUG - Hello Debug! - File:t.py - Function:main - Line:15
2024-01-24T11:24:14z - WARNING - Hello Warning! - File:t.py - Function:main - Line:16
2024-01-24T11:24:44z	 - INFO	 - Hello Info!	 - File:t.py	 - Function:main	 - Line:14
2024-01-24T11:24:44z	 - DEBUG	 - Hello Debug!	 - File:t.py	 - Function:main	 - Line:15
2024-01-24T11:24:44z	 - WARNING	 - Hello Warning!	 - File:t.py	 - Function:main	 - Line:16
[INFO|t.py|14]2024-01-24T11:26:41z: Hello Info!
[DEBUG|t.py|15]2024-01-24T11:26:41z: Hello Debug!
[WARNING|t.py|16]2024-01-24T11:26:41z: Hello Warning!
[INFO	|t.py	|14	]2024-01-24T11:27:04z: Hello Info!
[DEBUG	|t.py	|15	]2024-01-24T11:27:04z: Hello Debug!
[WARNING	|t.py	|16	]2024-01-24T11:27:04z: Hello Warning!
[INFO|t.py|14]2024-01-24T11:27:31z: Hello Info!
[DEBUG|t.py|15]2024-01-24T11:27:31z: Hello Debug!
[WARNING|t.py|16]2024-01-24T11:27:31z: Hello Warning!
[INFO|t.py|14]2024-01-24T11:28:15z: Hello Info!
[DEBUG|t.py|15]2024-01-24T11:28:15z: Hello Debug!
[WARNING|t.py|16]2024-01-24T11:28:15z: Hello Warning!
[ERROR|t.py|17]2024-01-24T11:28:15z: Hello Error!
[CRITICAL|t.py|18]2024-01-24T11:28:15z: Hello Critical!
